<?xml version="1.0" encoding="UTF-8"?>
<!-- Generated by org.testng.reporters.JUnitReportReporter -->
<testsuite skipped="1" hostname="DESKTOP-N60QB27" name="test.TestCase1" tests="2" failures="0" timestamp="14 Sep 2022 04:42:39 GMT" time="0.024" errors="0">
  <testcase name="doLogin" time="0.023" classname="test.TestCase1"/>
  <testcase name="isSkip" time="0.001" classname="test.TestCase1">
    <skipped/>
  </testcase> <!-- isSkip -->
</testsuite> <!-- test.TestCase1 -->
